{"name":"test002","id":"io.swagger.petstore.curdtest.UserCURDTestWithSteps:test002","testCaseName":"io.swagger.petstore.curdtest.UserCURDTestWithSteps","testSteps":[{"number":1,"description":"Getting the user information with firstName: Manan71645","duration":901,"startTime":"2023-01-02T22:00:58.307Z[Europe/London]","exception":{"errorType":"java.lang.AssertionError","message":"1 expectation failed.\nExpected status code \u003c200\u003e but was \u003c404\u003e.\n","stackTrace":[{"declaringClass":"io.restassured.internal.ResponseSpecificationImpl","methodName":"validateResponseIfRequired","fileName":"ResponseSpecificationImpl.groovy","lineNumber":636},{"declaringClass":"io.restassured.internal.ResponseSpecificationImpl","methodName":"statusCode","fileName":"ResponseSpecificationImpl.groovy","lineNumber":122},{"declaringClass":"io.restassured.internal.ResponseSpecificationImpl","methodName":"statusCode","fileName":"ResponseSpecificationImpl.groovy","lineNumber":130},{"declaringClass":"io.restassured.internal.ValidatableResponseOptionsImpl","methodName":"statusCode","fileName":"ValidatableResponseOptionsImpl.java","lineNumber":117},{"declaringClass":"io.swagger.petstore.userinfo.UserSteps","methodName":"getUserInfoByuserName","fileName":"UserSteps.java","lineNumber":48},{"declaringClass":"io.swagger.petstore.curdtest.UserCURDTestWithSteps","methodName":"test002","fileName":"UserCURDTestWithSteps.java","lineNumber":43}]},"result":"FAILURE","precondition":false,"children":[{"number":2,"description":"GET https://petstore.swagger.io/v2/user/MShah\r\r","duration":0,"startTime":"2023-01-02T22:00:59.181Z[Europe/London]","result":"SUCCESS","restQuery":{"method":"GET","path":"https://petstore.swagger.io/v2/user/MShah\r\r","content":"\r","contentType":"application/json","requestHeaders":"accept\u003dapplication/json\r\n\t\t\t\tAuthorization\u003dspecial-key\r\n\t\t\t\tContent-Type\u003dapplication/json; charset\u003dUTF-8\r\r","requestCookies":"\r\r","responseHeaders":"Date: Mon, 02 Jan 2023 22:00:58 GMT\nContent-Type: application/json\nTransfer-Encoding: chunked\nConnection: keep-alive\nAccess-Control-Allow-Origin: *\nAccess-Control-Allow-Methods: GET, POST, DELETE, PUT\nAccess-Control-Allow-Headers: Content-Type, api_key, Authorization\nServer: Jetty(9.2.9.v20150224)\r","responseCookies":"\r","responseBody":"{\n    \"code\": 1,\n    \"type\": \"error\",\n    \"message\": \"User not found\"\n}","statusCode":404},"precondition":false}]}],"userStory":{"id":"io.swagger.petstore.curdtest.UserCURDTestWithSteps","storyName":"User CURD test with steps","storyClassName":"io.swagger.petstore.curdtest.UserCURDTestWithSteps","path":"io.swagger.petstore.curdtest","type":"story"},"featureTag":{"name":"Curdtest/User CURD test with steps","type":"story"},"title":"Verify if the student was added to the application","tags":[{"name":"Curdtest/User CURD test with steps","type":"story"}],"startTime":"2023-01-02T22:00:58.305Z[Europe/London]","duration":919,"testFailureCause":{"errorType":"java.lang.AssertionError","message":"1 expectation failed.\nExpected status code \u003c200\u003e but was \u003c404\u003e.\n","stackTrace":[{"declaringClass":"io.restassured.internal.ResponseSpecificationImpl","methodName":"validateResponseIfRequired","fileName":"ResponseSpecificationImpl.groovy","lineNumber":636},{"declaringClass":"io.restassured.internal.ResponseSpecificationImpl","methodName":"statusCode","fileName":"ResponseSpecificationImpl.groovy","lineNumber":122},{"declaringClass":"io.restassured.internal.ResponseSpecificationImpl","methodName":"statusCode","fileName":"ResponseSpecificationImpl.groovy","lineNumber":130},{"declaringClass":"io.restassured.internal.ValidatableResponseOptionsImpl","methodName":"statusCode","fileName":"ValidatableResponseOptionsImpl.java","lineNumber":117},{"declaringClass":"io.swagger.petstore.userinfo.UserSteps","methodName":"getUserInfoByuserName","fileName":"UserSteps.java","lineNumber":48},{"declaringClass":"io.swagger.petstore.curdtest.UserCURDTestWithSteps","methodName":"test002","fileName":"UserCURDTestWithSteps.java","lineNumber":43}]},"testFailureClassname":"java.lang.AssertionError","testFailureMessage":"1 expectation failed.\nExpected status code \u003c200\u003e but was \u003c404\u003e.\n","testFailureSummary":"FAILURE;java.lang.AssertionError;1 expectation failed.\nExpected status code \u003c200\u003e but was \u003c404\u003e.\n;ResponseSpecificationImpl.groovy","projectKey":"","annotatedResult":"FAILURE","manual":false,"testSource":"JUnit","result":"FAILURE"}